header:  {'Content-Type': 'application/json', 'x-simulated-trading': '0'}
domain: https://www.okx.com
url: /api/v5/rubik/stat/trading-data/support-coin
获取交割永续净开多持仓用户数与净开空持仓用户数的比值
BTC
header:  {'Content-Type': 'application/json', 'x-simulated-trading': '0'}
domain: https://www.okx.com
url: /api/v5/rubik/stat/contracts/long-short-account-ratio?ccy=BTC&period=1H
720
ETH
header:  {'Content-Type': 'application/json', 'x-simulated-trading': '0'}
domain: https://www.okx.com
url: /api/v5/rubik/stat/contracts/long-short-account-ratio?ccy=ETH&period=1H
720
MATIC
header:  {'Content-Type': 'application/json', 'x-simulated-trading': '0'}
domain: https://www.okx.com
url: /api/v5/rubik/stat/contracts/long-short-account-ratio?ccy=MATIC&period=1H
720
LTC
header:  {'Content-Type': 'application/json', 'x-simulated-trading': '0'}
domain: https://www.okx.com
url: /api/v5/rubik/stat/contracts/long-short-account-ratio?ccy=LTC&period=1H
720
XRP
header:  {'Content-Type': 'application/json', 'x-simulated-trading': '0'}
domain: https://www.okx.com
url: /api/v5/rubik/stat/contracts/long-short-account-ratio?ccy=XRP&period=1H
720
BCH
header:  {'Content-Type': 'application/json', 'x-simulated-trading': '0'}
domain: https://www.okx.com
url: /api/v5/rubik/stat/contracts/long-short-account-ratio?ccy=BCH&period=1H
720
SOL
header:  {'Content-Type': 'application/json', 'x-simulated-trading': '0'}
domain: https://www.okx.com
url: /api/v5/rubik/stat/contracts/long-short-account-ratio?ccy=SOL&period=1H
720
PEPE
header:  {'Content-Type': 'application/json', 'x-simulated-trading': '0'}
domain: https://www.okx.com
url: /api/v5/rubik/stat/contracts/long-short-account-ratio?ccy=PEPE&period=1H
720
DOGE
header:  {'Content-Type': 'application/json', 'x-simulated-trading': '0'}
domain: https://www.okx.com
url: /api/v5/rubik/stat/contracts/long-short-account-ratio?ccy=DOGE&period=1H
720
FIL
header:  {'Content-Type': 'application/json', 'x-simulated-trading': '0'}
domain: https://www.okx.com
url: /api/v5/rubik/stat/contracts/long-short-account-ratio?ccy=FIL&period=1H
720
1INCH
header:  {'Content-Type': 'application/json', 'x-simulated-trading': '0'}
domain: https://www.okx.com
url: /api/v5/rubik/stat/contracts/long-short-account-ratio?ccy=1INCH&period=1H
720
AAVE
header:  {'Content-Type': 'application/json', 'x-simulated-trading': '0'}
domain: https://www.okx.com
url: /api/v5/rubik/stat/contracts/long-short-account-ratio?ccy=AAVE&period=1H
720
ACE
header:  {'Content-Type': 'application/json', 'x-simulated-trading': '0'}
domain: https://www.okx.com
url: /api/v5/rubik/stat/contracts/long-short-account-ratio?ccy=ACE&period=1H
720
ADA
header:  {'Content-Type': 'application/json', 'x-simulated-trading': '0'}
domain: https://www.okx.com
url: /api/v5/rubik/stat/contracts/long-short-account-ratio?ccy=ADA&period=1H
720
AGIX
header:  {'Content-Type': 'application/json', 'x-simulated-trading': '0'}
domain: https://www.okx.com
url: /api/v5/rubik/stat/contracts/long-short-account-ratio?ccy=AGIX&period=1H
720
AGLD
header:  {'Content-Type': 'application/json', 'x-simulated-trading': '0'}
domain: https://www.okx.com
url: /api/v5/rubik/stat/contracts/long-short-account-ratio?ccy=AGLD&period=1H
720
AIDOGE
header:  {'Content-Type': 'application/json', 'x-simulated-trading': '0'}
domain: https://www.okx.com
url: /api/v5/rubik/stat/contracts/long-short-account-ratio?ccy=AIDOGE&period=1H
720
ALGO
header:  {'Content-Type': 'application/json', 'x-simulated-trading': '0'}
domain: https://www.okx.com
url: /api/v5/rubik/stat/contracts/long-short-account-ratio?ccy=ALGO&period=1H
720
ALPHA
header:  {'Content-Type': 'application/json', 'x-simulated-trading': '0'}
domain: https://www.okx.com
url: /api/v5/rubik/stat/contracts/long-short-account-ratio?ccy=ALPHA&period=1H
720
ANT
header:  {'Content-Type': 'application/json', 'x-simulated-trading': '0'}
domain: https://www.okx.com
url: /api/v5/rubik/stat/contracts/long-short-account-ratio?ccy=ANT&period=1H
720
APE
header:  {'Content-Type': 'application/json', 'x-simulated-trading': '0'}
domain: https://www.okx.com
url: /api/v5/rubik/stat/contracts/long-short-account-ratio?ccy=APE&period=1H
720
API3
header:  {'Content-Type': 'application/json', 'x-simulated-trading': '0'}
domain: https://www.okx.com
url: /api/v5/rubik/stat/contracts/long-short-account-ratio?ccy=API3&period=1H
720
APT
header:  {'Content-Type': 'application/json', 'x-simulated-trading': '0'}
domain: https://www.okx.com
url: /api/v5/rubik/stat/contracts/long-short-account-ratio?ccy=APT&period=1H
720
AR
header:  {'Content-Type': 'application/json', 'x-simulated-trading': '0'}
domain: https://www.okx.com
url: /api/v5/rubik/stat/contracts/long-short-account-ratio?ccy=AR&period=1H
720
ARB
header:  {'Content-Type': 'application/json', 'x-simulated-trading': '0'}
domain: https://www.okx.com
url: /api/v5/rubik/stat/contracts/long-short-account-ratio?ccy=ARB&period=1H
720
ATOM
header:  {'Content-Type': 'application/json', 'x-simulated-trading': '0'}
domain: https://www.okx.com
url: /api/v5/rubik/stat/contracts/long-short-account-ratio?ccy=ATOM&period=1H
720
AUCTION
header:  {'Content-Type': 'application/json', 'x-simulated-trading': '0'}
domain: https://www.okx.com
url: /api/v5/rubik/stat/contracts/long-short-account-ratio?ccy=AUCTION&period=1H
720
AVAX
header:  {'Content-Type': 'application/json', 'x-simulated-trading': '0'}
domain: https://www.okx.com
url: /api/v5/rubik/stat/contracts/long-short-account-ratio?ccy=AVAX&period=1H
720
AXS
header:  {'Content-Type': 'application/json', 'x-simulated-trading': '0'}
domain: https://www.okx.com
url: /api/v5/rubik/stat/contracts/long-short-account-ratio?ccy=AXS&period=1H
720
BADGER
header:  {'Content-Type': 'application/json', 'x-simulated-trading': '0'}
domain: https://www.okx.com
url: /api/v5/rubik/stat/contracts/long-short-account-ratio?ccy=BADGER&period=1H
720
BAL
header:  {'Content-Type': 'application/json', 'x-simulated-trading': '0'}
domain: https://www.okx.com
url: /api/v5/rubik/stat/contracts/long-short-account-ratio?ccy=BAL&period=1H
720
BAND
header:  {'Content-Type': 'application/json', 'x-simulated-trading': '0'}
domain: https://www.okx.com
url: /api/v5/rubik/stat/contracts/long-short-account-ratio?ccy=BAND&period=1H
720
BAT
header:  {'Content-Type': 'application/json', 'x-simulated-trading': '0'}
domain: https://www.okx.com
url: /api/v5/rubik/stat/contracts/long-short-account-ratio?ccy=BAT&period=1H
720
BICO
header:  {'Content-Type': 'application/json', 'x-simulated-trading': '0'}
domain: https://www.okx.com
url: /api/v5/rubik/stat/contracts/long-short-account-ratio?ccy=BICO&period=1H
720
BIGTIME
header:  {'Content-Type': 'application/json', 'x-simulated-trading': '0'}
domain: https://www.okx.com
url: /api/v5/rubik/stat/contracts/long-short-account-ratio?ccy=BIGTIME&period=1H
720
BLUR
header:  {'Content-Type': 'application/json', 'x-simulated-trading': '0'}
domain: https://www.okx.com
url: /api/v5/rubik/stat/contracts/long-short-account-ratio?ccy=BLUR&period=1H
720
BNB
header:  {'Content-Type': 'application/json', 'x-simulated-trading': '0'}
domain: https://www.okx.com
url: /api/v5/rubik/stat/contracts/long-short-account-ratio?ccy=BNB&period=1H
720
BNT
header:  {'Content-Type': 'application/json', 'x-simulated-trading': '0'}
domain: https://www.okx.com
url: /api/v5/rubik/stat/contracts/long-short-account-ratio?ccy=BNT&period=1H
720
BONK
header:  {'Content-Type': 'application/json', 'x-simulated-trading': '0'}
domain: https://www.okx.com
url: /api/v5/rubik/stat/contracts/long-short-account-ratio?ccy=BONK&period=1H
720
BSV
header:  {'Content-Type': 'application/json', 'x-simulated-trading': '0'}
domain: https://www.okx.com
url: /api/v5/rubik/stat/contracts/long-short-account-ratio?ccy=BSV&period=1H
720
CEL
header:  {'Content-Type': 'application/json', 'x-simulated-trading': '0'}
domain: https://www.okx.com
url: /api/v5/rubik/stat/contracts/long-short-account-ratio?ccy=CEL&period=1H
720
CELO
header:  {'Content-Type': 'application/json', 'x-simulated-trading': '0'}
domain: https://www.okx.com
url: /api/v5/rubik/stat/contracts/long-short-account-ratio?ccy=CELO&period=1H
720
CETUS
header:  {'Content-Type': 'application/json', 'x-simulated-trading': '0'}
domain: https://www.okx.com
url: /api/v5/rubik/stat/contracts/long-short-account-ratio?ccy=CETUS&period=1H
720
CFX
header:  {'Content-Type': 'application/json', 'x-simulated-trading': '0'}
domain: https://www.okx.com
url: /api/v5/rubik/stat/contracts/long-short-account-ratio?ccy=CFX&period=1H
720
CHZ
header:  {'Content-Type': 'application/json', 'x-simulated-trading': '0'}
domain: https://www.okx.com
url: /api/v5/rubik/stat/contracts/long-short-account-ratio?ccy=CHZ&period=1H
720
COMP
header:  {'Content-Type': 'application/json', 'x-simulated-trading': '0'}
domain: https://www.okx.com
url: /api/v5/rubik/stat/contracts/long-short-account-ratio?ccy=COMP&period=1H
720
CORE
header:  {'Content-Type': 'application/json', 'x-simulated-trading': '0'}
domain: https://www.okx.com
url: /api/v5/rubik/stat/contracts/long-short-account-ratio?ccy=CORE&period=1H
720
CRO
header:  {'Content-Type': 'application/json', 'x-simulated-trading': '0'}
domain: https://www.okx.com
url: /api/v5/rubik/stat/contracts/long-short-account-ratio?ccy=CRO&period=1H
720
CRV
header:  {'Content-Type': 'application/json', 'x-simulated-trading': '0'}
domain: https://www.okx.com
url: /api/v5/rubik/stat/contracts/long-short-account-ratio?ccy=CRV&period=1H
720
CSPR
header:  {'Content-Type': 'application/json', 'x-simulated-trading': '0'}
domain: https://www.okx.com
url: /api/v5/rubik/stat/contracts/long-short-account-ratio?ccy=CSPR&period=1H
720
CTC
header:  {'Content-Type': 'application/json', 'x-simulated-trading': '0'}
domain: https://www.okx.com
url: /api/v5/rubik/stat/contracts/long-short-account-ratio?ccy=CTC&period=1H
720
CVC
header:  {'Content-Type': 'application/json', 'x-simulated-trading': '0'}
domain: https://www.okx.com
url: /api/v5/rubik/stat/contracts/long-short-account-ratio?ccy=CVC&period=1H
720
DMAIL
header:  {'Content-Type': 'application/json', 'x-simulated-trading': '0'}
domain: https://www.okx.com
url: /api/v5/rubik/stat/contracts/long-short-account-ratio?ccy=DMAIL&period=1H
720
DOT
header:  {'Content-Type': 'application/json', 'x-simulated-trading': '0'}
domain: https://www.okx.com
url: /api/v5/rubik/stat/contracts/long-short-account-ratio?ccy=DOT&period=1H
720
DYDX
header:  {'Content-Type': 'application/json', 'x-simulated-trading': '0'}
domain: https://www.okx.com
url: /api/v5/rubik/stat/contracts/long-short-account-ratio?ccy=DYDX&period=1H
720
EGLD
header:  {'Content-Type': 'application/json', 'x-simulated-trading': '0'}
domain: https://www.okx.com
url: /api/v5/rubik/stat/contracts/long-short-account-ratio?ccy=EGLD&period=1H
720
ENS
header:  {'Content-Type': 'application/json', 'x-simulated-trading': '0'}
domain: https://www.okx.com
url: /api/v5/rubik/stat/contracts/long-short-account-ratio?ccy=ENS&period=1H
720
EOS
header:  {'Content-Type': 'application/json', 'x-simulated-trading': '0'}
domain: https://www.okx.com
url: /api/v5/rubik/stat/contracts/long-short-account-ratio?ccy=EOS&period=1H
720
ETC
header:  {'Content-Type': 'application/json', 'x-simulated-trading': '0'}
domain: https://www.okx.com
url: /api/v5/rubik/stat/contracts/long-short-account-ratio?ccy=ETC&period=1H
720
ETHW
header:  {'Content-Type': 'application/json', 'x-simulated-trading': '0'}
domain: https://www.okx.com
url: /api/v5/rubik/stat/contracts/long-short-account-ratio?ccy=ETHW&period=1H
720
FET
header:  {'Content-Type': 'application/json', 'x-simulated-trading': '0'}
domain: https://www.okx.com
url: /api/v5/rubik/stat/contracts/long-short-account-ratio?ccy=FET&period=1H
720
FITFI
header:  {'Content-Type': 'application/json', 'x-simulated-trading': '0'}
domain: https://www.okx.com
url: /api/v5/rubik/stat/contracts/long-short-account-ratio?ccy=FITFI&period=1H
720
FLM
header:  {'Content-Type': 'application/json', 'x-simulated-trading': '0'}
domain: https://www.okx.com
url: /api/v5/rubik/stat/contracts/long-short-account-ratio?ccy=FLM&period=1H
720
FLOKI
header:  {'Content-Type': 'application/json', 'x-simulated-trading': '0'}
domain: https://www.okx.com
url: /api/v5/rubik/stat/contracts/long-short-account-ratio?ccy=FLOKI&period=1H
720
FLOW
header:  {'Content-Type': 'application/json', 'x-simulated-trading': '0'}
domain: https://www.okx.com
url: /api/v5/rubik/stat/contracts/long-short-account-ratio?ccy=FLOW&period=1H
720
FLR
header:  {'Content-Type': 'application/json', 'x-simulated-trading': '0'}
domain: https://www.okx.com
url: /api/v5/rubik/stat/contracts/long-short-account-ratio?ccy=FLR&period=1H
720
FRONT
header:  {'Content-Type': 'application/json', 'x-simulated-trading': '0'}
domain: https://www.okx.com
url: /api/v5/rubik/stat/contracts/long-short-account-ratio?ccy=FRONT&period=1H
720
FTM
header:  {'Content-Type': 'application/json', 'x-simulated-trading': '0'}
domain: https://www.okx.com
url: /api/v5/rubik/stat/contracts/long-short-account-ratio?ccy=FTM&period=1H
720
FXS
header:  {'Content-Type': 'application/json', 'x-simulated-trading': '0'}
domain: https://www.okx.com
url: /api/v5/rubik/stat/contracts/long-short-account-ratio?ccy=FXS&period=1H
720
GAL
header:  {'Content-Type': 'application/json', 'x-simulated-trading': '0'}
domain: https://www.okx.com
url: /api/v5/rubik/stat/contracts/long-short-account-ratio?ccy=GAL&period=1H
720
GALA
header:  {'Content-Type': 'application/json', 'x-simulated-trading': '0'}
domain: https://www.okx.com
url: /api/v5/rubik/stat/contracts/long-short-account-ratio?ccy=GALA&period=1H
720
GAS
header:  {'Content-Type': 'application/json', 'x-simulated-trading': '0'}
domain: https://www.okx.com
url: /api/v5/rubik/stat/contracts/long-short-account-ratio?ccy=GAS&period=1H
720
GFT
header:  {'Content-Type': 'application/json', 'x-simulated-trading': '0'}
domain: https://www.okx.com
url: /api/v5/rubik/stat/contracts/long-short-account-ratio?ccy=GFT&period=1H
720
GMT
header:  {'Content-Type': 'application/json', 'x-simulated-trading': '0'}
domain: https://www.okx.com
url: /api/v5/rubik/stat/contracts/long-short-account-ratio?ccy=GMT&period=1H
720
GMX
header:  {'Content-Type': 'application/json', 'x-simulated-trading': '0'}
domain: https://www.okx.com
url: /api/v5/rubik/stat/contracts/long-short-account-ratio?ccy=GMX&period=1H
720
GODS
header:  {'Content-Type': 'application/json', 'x-simulated-trading': '0'}
domain: https://www.okx.com
url: /api/v5/rubik/stat/contracts/long-short-account-ratio?ccy=GODS&period=1H
720
GRT
header:  {'Content-Type': 'application/json', 'x-simulated-trading': '0'}
domain: https://www.okx.com
url: /api/v5/rubik/stat/contracts/long-short-account-ratio?ccy=GRT&period=1H
720
HBAR
header:  {'Content-Type': 'application/json', 'x-simulated-trading': '0'}
domain: https://www.okx.com
url: /api/v5/rubik/stat/contracts/long-short-account-ratio?ccy=HBAR&period=1H
720
ICP
header:  {'Content-Type': 'application/json', 'x-simulated-trading': '0'}
domain: https://www.okx.com
url: /api/v5/rubik/stat/contracts/long-short-account-ratio?ccy=ICP&period=1H
720
ID
header:  {'Content-Type': 'application/json', 'x-simulated-trading': '0'}
domain: https://www.okx.com
url: /api/v5/rubik/stat/contracts/long-short-account-ratio?ccy=ID&period=1H
720
IMX
header:  {'Content-Type': 'application/json', 'x-simulated-trading': '0'}
domain: https://www.okx.com
url: /api/v5/rubik/stat/contracts/long-short-account-ratio?ccy=IMX&period=1H
720
INJ
header:  {'Content-Type': 'application/json', 'x-simulated-trading': '0'}
domain: https://www.okx.com
url: /api/v5/rubik/stat/contracts/long-short-account-ratio?ccy=INJ&period=1H
720
IOST
header:  {'Content-Type': 'application/json', 'x-simulated-trading': '0'}
domain: https://www.okx.com
url: /api/v5/rubik/stat/contracts/long-short-account-ratio?ccy=IOST&period=1H
720
IOTA
header:  {'Content-Type': 'application/json', 'x-simulated-trading': '0'}
domain: https://www.okx.com
url: /api/v5/rubik/stat/contracts/long-short-account-ratio?ccy=IOTA&period=1H
720
JOE
header:  {'Content-Type': 'application/json', 'x-simulated-trading': '0'}
domain: https://www.okx.com
url: /api/v5/rubik/stat/contracts/long-short-account-ratio?ccy=JOE&period=1H
720
JST
header:  {'Content-Type': 'application/json', 'x-simulated-trading': '0'}
domain: https://www.okx.com
url: /api/v5/rubik/stat/contracts/long-short-account-ratio?ccy=JST&period=1H
720
JTO
header:  {'Content-Type': 'application/json', 'x-simulated-trading': '0'}
domain: https://www.okx.com
url: /api/v5/rubik/stat/contracts/long-short-account-ratio?ccy=JTO&period=1H
720
JUP
header:  {'Content-Type': 'application/json', 'x-simulated-trading': '0'}
domain: https://www.okx.com
url: /api/v5/rubik/stat/contracts/long-short-account-ratio?ccy=JUP&period=1H
720
KISHU
header:  {'Content-Type': 'application/json', 'x-simulated-trading': '0'}
domain: https://www.okx.com
url: /api/v5/rubik/stat/contracts/long-short-account-ratio?ccy=KISHU&period=1H
720
KLAY
header:  {'Content-Type': 'application/json', 'x-simulated-trading': '0'}
domain: https://www.okx.com
url: /api/v5/rubik/stat/contracts/long-short-account-ratio?ccy=KLAY&period=1H
720
KNC
header:  {'Content-Type': 'application/json', 'x-simulated-trading': '0'}
domain: https://www.okx.com
url: /api/v5/rubik/stat/contracts/long-short-account-ratio?ccy=KNC&period=1H
720
KSM
header:  {'Content-Type': 'application/json', 'x-simulated-trading': '0'}
domain: https://www.okx.com
url: /api/v5/rubik/stat/contracts/long-short-account-ratio?ccy=KSM&period=1H
720
LDO
header:  {'Content-Type': 'application/json', 'x-simulated-trading': '0'}
domain: https://www.okx.com
url: /api/v5/rubik/stat/contracts/long-short-account-ratio?ccy=LDO&period=1H
720
LINK
header:  {'Content-Type': 'application/json', 'x-simulated-trading': '0'}
domain: https://www.okx.com
url: /api/v5/rubik/stat/contracts/long-short-account-ratio?ccy=LINK&period=1H
720
LOOKS
header:  {'Content-Type': 'application/json', 'x-simulated-trading': '0'}
domain: https://www.okx.com
url: /api/v5/rubik/stat/contracts/long-short-account-ratio?ccy=LOOKS&period=1H
720
LPT
header:  {'Content-Type': 'application/json', 'x-simulated-trading': '0'}
domain: https://www.okx.com
url: /api/v5/rubik/stat/contracts/long-short-account-ratio?ccy=LPT&period=1H
720
LQTY
header:  {'Content-Type': 'application/json', 'x-simulated-trading': '0'}
domain: https://www.okx.com
url: /api/v5/rubik/stat/contracts/long-short-account-ratio?ccy=LQTY&period=1H
720
LRC
header:  {'Content-Type': 'application/json', 'x-simulated-trading': '0'}
domain: https://www.okx.com
url: /api/v5/rubik/stat/contracts/long-short-account-ratio?ccy=LRC&period=1H
720
LSK
header:  {'Content-Type': 'application/json', 'x-simulated-trading': '0'}
domain: https://www.okx.com
url: /api/v5/rubik/stat/contracts/long-short-account-ratio?ccy=LSK&period=1H
720
LUNA
header:  {'Content-Type': 'application/json', 'x-simulated-trading': '0'}
domain: https://www.okx.com
url: /api/v5/rubik/stat/contracts/long-short-account-ratio?ccy=LUNA&period=1H
720
LUNC
header:  {'Content-Type': 'application/json', 'x-simulated-trading': '0'}
domain: https://www.okx.com
url: /api/v5/rubik/stat/contracts/long-short-account-ratio?ccy=LUNC&period=1H
720
MAGIC
header:  {'Content-Type': 'application/json', 'x-simulated-trading': '0'}
domain: https://www.okx.com
url: /api/v5/rubik/stat/contracts/long-short-account-ratio?ccy=MAGIC&period=1H
720
MANA
header:  {'Content-Type': 'application/json', 'x-simulated-trading': '0'}
domain: https://www.okx.com
url: /api/v5/rubik/stat/contracts/long-short-account-ratio?ccy=MANA&period=1H
720
MASK
header:  {'Content-Type': 'application/json', 'x-simulated-trading': '0'}
domain: https://www.okx.com
url: /api/v5/rubik/stat/contracts/long-short-account-ratio?ccy=MASK&period=1H
720
MEME
header:  {'Content-Type': 'application/json', 'x-simulated-trading': '0'}
domain: https://www.okx.com
url: /api/v5/rubik/stat/contracts/long-short-account-ratio?ccy=MEME&period=1H
720
METIS
header:  {'Content-Type': 'application/json', 'x-simulated-trading': '0'}
domain: https://www.okx.com
url: /api/v5/rubik/stat/contracts/long-short-account-ratio?ccy=METIS&period=1H
720
MINA
header:  {'Content-Type': 'application/json', 'x-simulated-trading': '0'}
domain: https://www.okx.com
url: /api/v5/rubik/stat/contracts/long-short-account-ratio?ccy=MINA&period=1H
720
MKR
header:  {'Content-Type': 'application/json', 'x-simulated-trading': '0'}
domain: https://www.okx.com
url: /api/v5/rubik/stat/contracts/long-short-account-ratio?ccy=MKR&period=1H
720
MOVR
header:  {'Content-Type': 'application/json', 'x-simulated-trading': '0'}
domain: https://www.okx.com
url: /api/v5/rubik/stat/contracts/long-short-account-ratio?ccy=MOVR&period=1H
720
NEAR
header:  {'Content-Type': 'application/json', 'x-simulated-trading': '0'}
domain: https://www.okx.com
url: /api/v5/rubik/stat/contracts/long-short-account-ratio?ccy=NEAR&period=1H
720
NEO
header:  {'Content-Type': 'application/json', 'x-simulated-trading': '0'}
domain: https://www.okx.com
url: /api/v5/rubik/stat/contracts/long-short-account-ratio?ccy=NEO&period=1H
720
NFT
header:  {'Content-Type': 'application/json', 'x-simulated-trading': '0'}
domain: https://www.okx.com
url: /api/v5/rubik/stat/contracts/long-short-account-ratio?ccy=NFT&period=1H
720
NMR
header:  {'Content-Type': 'application/json', 'x-simulated-trading': '0'}
domain: https://www.okx.com
url: /api/v5/rubik/stat/contracts/long-short-account-ratio?ccy=NMR&period=1H
720
OMG
header:  {'Content-Type': 'application/json', 'x-simulated-trading': '0'}
domain: https://www.okx.com
url: /api/v5/rubik/stat/contracts/long-short-account-ratio?ccy=OMG&period=1H
720
ONT
header:  {'Content-Type': 'application/json', 'x-simulated-trading': '0'}
domain: https://www.okx.com
url: /api/v5/rubik/stat/contracts/long-short-account-ratio?ccy=ONT&period=1H
720
OP
header:  {'Content-Type': 'application/json', 'x-simulated-trading': '0'}
domain: https://www.okx.com
url: /api/v5/rubik/stat/contracts/long-short-account-ratio?ccy=OP&period=1H
720
ORBS
header:  {'Content-Type': 'application/json', 'x-simulated-trading': '0'}
domain: https://www.okx.com
url: /api/v5/rubik/stat/contracts/long-short-account-ratio?ccy=ORBS&period=1H
720
ORDI
header:  {'Content-Type': 'application/json', 'x-simulated-trading': '0'}
domain: https://www.okx.com
url: /api/v5/rubik/stat/contracts/long-short-account-ratio?ccy=ORDI&period=1H
720
PEOPLE
header:  {'Content-Type': 'application/json', 'x-simulated-trading': '0'}
domain: https://www.okx.com
url: /api/v5/rubik/stat/contracts/long-short-account-ratio?ccy=PEOPLE&period=1H
720
PERP
header:  {'Content-Type': 'application/json', 'x-simulated-trading': '0'}
domain: https://www.okx.com
url: /api/v5/rubik/stat/contracts/long-short-account-ratio?ccy=PERP&period=1H
720
PYTH
header:  {'Content-Type': 'application/json', 'x-simulated-trading': '0'}
domain: https://www.okx.com
url: /api/v5/rubik/stat/contracts/long-short-account-ratio?ccy=PYTH&period=1H
720
QTUM
header:  {'Content-Type': 'application/json', 'x-simulated-trading': '0'}
domain: https://www.okx.com
url: /api/v5/rubik/stat/contracts/long-short-account-ratio?ccy=QTUM&period=1H
720
RACA
header:  {'Content-Type': 'application/json', 'x-simulated-trading': '0'}
domain: https://www.okx.com
url: /api/v5/rubik/stat/contracts/long-short-account-ratio?ccy=RACA&period=1H
720
RDNT
header:  {'Content-Type': 'application/json', 'x-simulated-trading': '0'}
domain: https://www.okx.com
url: /api/v5/rubik/stat/contracts/long-short-account-ratio?ccy=RDNT&period=1H
720
REN
header:  {'Content-Type': 'application/json', 'x-simulated-trading': '0'}
domain: https://www.okx.com
url: /api/v5/rubik/stat/contracts/long-short-account-ratio?ccy=REN&period=1H
720
RNDR
header:  {'Content-Type': 'application/json', 'x-simulated-trading': '0'}
domain: https://www.okx.com
url: /api/v5/rubik/stat/contracts/long-short-account-ratio?ccy=RNDR&period=1H
720
RON
header:  {'Content-Type': 'application/json', 'x-simulated-trading': '0'}
domain: https://www.okx.com
url: /api/v5/rubik/stat/contracts/long-short-account-ratio?ccy=RON&period=1H
720
RSR
header:  {'Content-Type': 'application/json', 'x-simulated-trading': '0'}
domain: https://www.okx.com
url: /api/v5/rubik/stat/contracts/long-short-account-ratio?ccy=RSR&period=1H
720
RVN
header:  {'Content-Type': 'application/json', 'x-simulated-trading': '0'}
domain: https://www.okx.com
url: /api/v5/rubik/stat/contracts/long-short-account-ratio?ccy=RVN&period=1H
720
SAND
header:  {'Content-Type': 'application/json', 'x-simulated-trading': '0'}
domain: https://www.okx.com
url: /api/v5/rubik/stat/contracts/long-short-account-ratio?ccy=SAND&period=1H
720
SATS
header:  {'Content-Type': 'application/json', 'x-simulated-trading': '0'}
domain: https://www.okx.com
url: /api/v5/rubik/stat/contracts/long-short-account-ratio?ccy=SATS&period=1H
720
SHIB
header:  {'Content-Type': 'application/json', 'x-simulated-trading': '0'}
domain: https://www.okx.com
url: /api/v5/rubik/stat/contracts/long-short-account-ratio?ccy=SHIB&period=1H
720
SLP
header:  {'Content-Type': 'application/json', 'x-simulated-trading': '0'}
domain: https://www.okx.com
url: /api/v5/rubik/stat/contracts/long-short-account-ratio?ccy=SLP&period=1H
720
SNX
header:  {'Content-Type': 'application/json', 'x-simulated-trading': '0'}
domain: https://www.okx.com
url: /api/v5/rubik/stat/contracts/long-short-account-ratio?ccy=SNX&period=1H
720
SSV
header:  {'Content-Type': 'application/json', 'x-simulated-trading': '0'}
domain: https://www.okx.com
url: /api/v5/rubik/stat/contracts/long-short-account-ratio?ccy=SSV&period=1H
720
STARL
header:  {'Content-Type': 'application/json', 'x-simulated-trading': '0'}
domain: https://www.okx.com
url: /api/v5/rubik/stat/contracts/long-short-account-ratio?ccy=STARL&period=1H
720
STORJ
header:  {'Content-Type': 'application/json', 'x-simulated-trading': '0'}
domain: https://www.okx.com
url: /api/v5/rubik/stat/contracts/long-short-account-ratio?ccy=STORJ&period=1H
720
STX
header:  {'Content-Type': 'application/json', 'x-simulated-trading': '0'}
domain: https://www.okx.com
url: /api/v5/rubik/stat/contracts/long-short-account-ratio?ccy=STX&period=1H
720
SUI
header:  {'Content-Type': 'application/json', 'x-simulated-trading': '0'}
domain: https://www.okx.com
url: /api/v5/rubik/stat/contracts/long-short-account-ratio?ccy=SUI&period=1H
720
SUSHI
header:  {'Content-Type': 'application/json', 'x-simulated-trading': '0'}
domain: https://www.okx.com
url: /api/v5/rubik/stat/contracts/long-short-account-ratio?ccy=SUSHI&period=1H
720
SWEAT
header:  {'Content-Type': 'application/json', 'x-simulated-trading': '0'}
domain: https://www.okx.com
url: /api/v5/rubik/stat/contracts/long-short-account-ratio?ccy=SWEAT&period=1H
720
THETA
header:  {'Content-Type': 'application/json', 'x-simulated-trading': '0'}
domain: https://www.okx.com
url: /api/v5/rubik/stat/contracts/long-short-account-ratio?ccy=THETA&period=1H
720
TIA
header:  {'Content-Type': 'application/json', 'x-simulated-trading': '0'}
domain: https://www.okx.com
url: /api/v5/rubik/stat/contracts/long-short-account-ratio?ccy=TIA&period=1H
720
TON
header:  {'Content-Type': 'application/json', 'x-simulated-trading': '0'}
domain: https://www.okx.com
url: /api/v5/rubik/stat/contracts/long-short-account-ratio?ccy=TON&period=1H
720
TRB
header:  {'Content-Type': 'application/json', 'x-simulated-trading': '0'}
domain: https://www.okx.com
url: /api/v5/rubik/stat/contracts/long-short-account-ratio?ccy=TRB&period=1H
720
TRX
header:  {'Content-Type': 'application/json', 'x-simulated-trading': '0'}
domain: https://www.okx.com
url: /api/v5/rubik/stat/contracts/long-short-account-ratio?ccy=TRX&period=1H
720
TURBO
header:  {'Content-Type': 'application/json', 'x-simulated-trading': '0'}
domain: https://www.okx.com
url: /api/v5/rubik/stat/contracts/long-short-account-ratio?ccy=TURBO&period=1H
720
UMA
header:  {'Content-Type': 'application/json', 'x-simulated-trading': '0'}
domain: https://www.okx.com
url: /api/v5/rubik/stat/contracts/long-short-account-ratio?ccy=UMA&period=1H
720
UNI
header:  {'Content-Type': 'application/json', 'x-simulated-trading': '0'}
domain: https://www.okx.com
url: /api/v5/rubik/stat/contracts/long-short-account-ratio?ccy=UNI&period=1H
720
USDC
header:  {'Content-Type': 'application/json', 'x-simulated-trading': '0'}
domain: https://www.okx.com
url: /api/v5/rubik/stat/contracts/long-short-account-ratio?ccy=USDC&period=1H
720
USTC
header:  {'Content-Type': 'application/json', 'x-simulated-trading': '0'}
domain: https://www.okx.com
url: /api/v5/rubik/stat/contracts/long-short-account-ratio?ccy=USTC&period=1H
720
VRA
header:  {'Content-Type': 'application/json', 'x-simulated-trading': '0'}
domain: https://www.okx.com
url: /api/v5/rubik/stat/contracts/long-short-account-ratio?ccy=VRA&period=1H
720
WAXP
header:  {'Content-Type': 'application/json', 'x-simulated-trading': '0'}
domain: https://www.okx.com
url: /api/v5/rubik/stat/contracts/long-short-account-ratio?ccy=WAXP&period=1H
720
WLD
header:  {'Content-Type': 'application/json', 'x-simulated-trading': '0'}
domain: https://www.okx.com
url: /api/v5/rubik/stat/contracts/long-short-account-ratio?ccy=WLD&period=1H
720
WOO
header:  {'Content-Type': 'application/json', 'x-simulated-trading': '0'}
domain: https://www.okx.com
url: /api/v5/rubik/stat/contracts/long-short-account-ratio?ccy=WOO&period=1H
720
WSM
header:  {'Content-Type': 'application/json', 'x-simulated-trading': '0'}
domain: https://www.okx.com
url: /api/v5/rubik/stat/contracts/long-short-account-ratio?ccy=WSM&period=1H
720
XCH
header:  {'Content-Type': 'application/json', 'x-simulated-trading': '0'}
domain: https://www.okx.com
url: /api/v5/rubik/stat/contracts/long-short-account-ratio?ccy=XCH&period=1H
720
XLM
header:  {'Content-Type': 'application/json', 'x-simulated-trading': '0'}
domain: https://www.okx.com
url: /api/v5/rubik/stat/contracts/long-short-account-ratio?ccy=XLM&period=1H
720
XTZ
header:  {'Content-Type': 'application/json', 'x-simulated-trading': '0'}
domain: https://www.okx.com
url: /api/v5/rubik/stat/contracts/long-short-account-ratio?ccy=XTZ&period=1H
720
YFI
header:  {'Content-Type': 'application/json', 'x-simulated-trading': '0'}
domain: https://www.okx.com
url: /api/v5/rubik/stat/contracts/long-short-account-ratio?ccy=YFI&period=1H
720
YGG
header:  {'Content-Type': 'application/json', 'x-simulated-trading': '0'}
domain: https://www.okx.com
url: /api/v5/rubik/stat/contracts/long-short-account-ratio?ccy=YGG&period=1H
720
ZETA
header:  {'Content-Type': 'application/json', 'x-simulated-trading': '0'}
domain: https://www.okx.com
url: /api/v5/rubik/stat/contracts/long-short-account-ratio?ccy=ZETA&period=1H
720
ZIL
header:  {'Content-Type': 'application/json', 'x-simulated-trading': '0'}
domain: https://www.okx.com
url: /api/v5/rubik/stat/contracts/long-short-account-ratio?ccy=ZIL&period=1H
720
ZRX
header:  {'Content-Type': 'application/json', 'x-simulated-trading': '0'}
domain: https://www.okx.com
url: /api/v5/rubik/stat/contracts/long-short-account-ratio?ccy=ZRX&period=1H
720
header:  {'Content-Type': 'application/json', 'x-simulated-trading': '0'}
domain: https://www.okx.com
url: /api/v5/rubik/stat/trading-data/support-coin
获取交割永续净开多持仓用户数与净开空持仓用户数的比值
BTC
header:  {'Content-Type': 'application/json', 'x-simulated-trading': '0'}
domain: https://www.okx.com
url: /api/v5/rubik/stat/contracts/long-short-account-ratio?ccy=BTC&period=1H
720
ETH
header:  {'Content-Type': 'application/json', 'x-simulated-trading': '0'}
domain: https://www.okx.com
url: /api/v5/rubik/stat/contracts/long-short-account-ratio?ccy=ETH&period=1H
720
MATIC
header:  {'Content-Type': 'application/json', 'x-simulated-trading': '0'}
domain: https://www.okx.com
url: /api/v5/rubik/stat/contracts/long-short-account-ratio?ccy=MATIC&period=1H
720
LTC
header:  {'Content-Type': 'application/json', 'x-simulated-trading': '0'}
domain: https://www.okx.com
url: /api/v5/rubik/stat/contracts/long-short-account-ratio?ccy=LTC&period=1H
720
XRP
header:  {'Content-Type': 'application/json', 'x-simulated-trading': '0'}
domain: https://www.okx.com
url: /api/v5/rubik/stat/contracts/long-short-account-ratio?ccy=XRP&period=1H
720
BCH
header:  {'Content-Type': 'application/json', 'x-simulated-trading': '0'}
domain: https://www.okx.com
url: /api/v5/rubik/stat/contracts/long-short-account-ratio?ccy=BCH&period=1H
720
SOL
header:  {'Content-Type': 'application/json', 'x-simulated-trading': '0'}
domain: https://www.okx.com
url: /api/v5/rubik/stat/contracts/long-short-account-ratio?ccy=SOL&period=1H
720
PEPE
header:  {'Content-Type': 'application/json', 'x-simulated-trading': '0'}
domain: https://www.okx.com
url: /api/v5/rubik/stat/contracts/long-short-account-ratio?ccy=PEPE&period=1H
720
DOGE
header:  {'Content-Type': 'application/json', 'x-simulated-trading': '0'}
domain: https://www.okx.com
url: /api/v5/rubik/stat/contracts/long-short-account-ratio?ccy=DOGE&period=1H
720
FIL
header:  {'Content-Type': 'application/json', 'x-simulated-trading': '0'}
domain: https://www.okx.com
url: /api/v5/rubik/stat/contracts/long-short-account-ratio?ccy=FIL&period=1H
720
1INCH
header:  {'Content-Type': 'application/json', 'x-simulated-trading': '0'}
domain: https://www.okx.com
url: /api/v5/rubik/stat/contracts/long-short-account-ratio?ccy=1INCH&period=1H
720
AAVE
header:  {'Content-Type': 'application/json', 'x-simulated-trading': '0'}
domain: https://www.okx.com
url: /api/v5/rubik/stat/contracts/long-short-account-ratio?ccy=AAVE&period=1H
720
ACE
header:  {'Content-Type': 'application/json', 'x-simulated-trading': '0'}
domain: https://www.okx.com
url: /api/v5/rubik/stat/contracts/long-short-account-ratio?ccy=ACE&period=1H
720
ACH
header:  {'Content-Type': 'application/json', 'x-simulated-trading': '0'}
domain: https://www.okx.com
url: /api/v5/rubik/stat/contracts/long-short-account-ratio?ccy=ACH&period=1H
720
ADA
header:  {'Content-Type': 'application/json', 'x-simulated-trading': '0'}
domain: https://www.okx.com
url: /api/v5/rubik/stat/contracts/long-short-account-ratio?ccy=ADA&period=1H
720
AGIX
header:  {'Content-Type': 'application/json', 'x-simulated-trading': '0'}
domain: https://www.okx.com
url: /api/v5/rubik/stat/contracts/long-short-account-ratio?ccy=AGIX&period=1H
720
AGLD
header:  {'Content-Type': 'application/json', 'x-simulated-trading': '0'}
domain: https://www.okx.com
url: /api/v5/rubik/stat/contracts/long-short-account-ratio?ccy=AGLD&period=1H
720
AIDOGE
header:  {'Content-Type': 'application/json', 'x-simulated-trading': '0'}
domain: https://www.okx.com
url: /api/v5/rubik/stat/contracts/long-short-account-ratio?ccy=AIDOGE&period=1H
720
ALGO
header:  {'Content-Type': 'application/json', 'x-simulated-trading': '0'}
domain: https://www.okx.com
url: /api/v5/rubik/stat/contracts/long-short-account-ratio?ccy=ALGO&period=1H
720
ALPHA
header:  {'Content-Type': 'application/json', 'x-simulated-trading': '0'}
domain: https://www.okx.com
url: /api/v5/rubik/stat/contracts/long-short-account-ratio?ccy=ALPHA&period=1H
720
ANT
header:  {'Content-Type': 'application/json', 'x-simulated-trading': '0'}
domain: https://www.okx.com
url: /api/v5/rubik/stat/contracts/long-short-account-ratio?ccy=ANT&period=1H
720
APE
header:  {'Content-Type': 'application/json', 'x-simulated-trading': '0'}
domain: https://www.okx.com
url: /api/v5/rubik/stat/contracts/long-short-account-ratio?ccy=APE&period=1H
720
API3
header:  {'Content-Type': 'application/json', 'x-simulated-trading': '0'}
domain: https://www.okx.com
url: /api/v5/rubik/stat/contracts/long-short-account-ratio?ccy=API3&period=1H
720
APT
header:  {'Content-Type': 'application/json', 'x-simulated-trading': '0'}
domain: https://www.okx.com
url: /api/v5/rubik/stat/contracts/long-short-account-ratio?ccy=APT&period=1H
720
AR
header:  {'Content-Type': 'application/json', 'x-simulated-trading': '0'}
domain: https://www.okx.com
url: /api/v5/rubik/stat/contracts/long-short-account-ratio?ccy=AR&period=1H
720
ARB
header:  {'Content-Type': 'application/json', 'x-simulated-trading': '0'}
domain: https://www.okx.com
url: /api/v5/rubik/stat/contracts/long-short-account-ratio?ccy=ARB&period=1H
720
ATOM
header:  {'Content-Type': 'application/json', 'x-simulated-trading': '0'}
domain: https://www.okx.com
url: /api/v5/rubik/stat/contracts/long-short-account-ratio?ccy=ATOM&period=1H
720
AUCTION
header:  {'Content-Type': 'application/json', 'x-simulated-trading': '0'}
domain: https://www.okx.com
url: /api/v5/rubik/stat/contracts/long-short-account-ratio?ccy=AUCTION&period=1H
720
AVAX
header:  {'Content-Type': 'application/json', 'x-simulated-trading': '0'}
domain: https://www.okx.com
url: /api/v5/rubik/stat/contracts/long-short-account-ratio?ccy=AVAX&period=1H
720
AXS
header:  {'Content-Type': 'application/json', 'x-simulated-trading': '0'}
domain: https://www.okx.com
url: /api/v5/rubik/stat/contracts/long-short-account-ratio?ccy=AXS&period=1H
720
BADGER
header:  {'Content-Type': 'application/json', 'x-simulated-trading': '0'}
domain: https://www.okx.com
url: /api/v5/rubik/stat/contracts/long-short-account-ratio?ccy=BADGER&period=1H
720
BAL
header:  {'Content-Type': 'application/json', 'x-simulated-trading': '0'}
domain: https://www.okx.com
url: /api/v5/rubik/stat/contracts/long-short-account-ratio?ccy=BAL&period=1H
720
BAND
header:  {'Content-Type': 'application/json', 'x-simulated-trading': '0'}
domain: https://www.okx.com
url: /api/v5/rubik/stat/contracts/long-short-account-ratio?ccy=BAND&period=1H
720
BAT
header:  {'Content-Type': 'application/json', 'x-simulated-trading': '0'}
domain: https://www.okx.com
url: /api/v5/rubik/stat/contracts/long-short-account-ratio?ccy=BAT&period=1H
720
BICO
header:  {'Content-Type': 'application/json', 'x-simulated-trading': '0'}
domain: https://www.okx.com
url: /api/v5/rubik/stat/contracts/long-short-account-ratio?ccy=BICO&period=1H
720
BIGTIME
header:  {'Content-Type': 'application/json', 'x-simulated-trading': '0'}
domain: https://www.okx.com
url: /api/v5/rubik/stat/contracts/long-short-account-ratio?ccy=BIGTIME&period=1H
720
BLUR
header:  {'Content-Type': 'application/json', 'x-simulated-trading': '0'}
domain: https://www.okx.com
url: /api/v5/rubik/stat/contracts/long-short-account-ratio?ccy=BLUR&period=1H
720
BNB
header:  {'Content-Type': 'application/json', 'x-simulated-trading': '0'}
domain: https://www.okx.com
url: /api/v5/rubik/stat/contracts/long-short-account-ratio?ccy=BNB&period=1H
720
BNT
header:  {'Content-Type': 'application/json', 'x-simulated-trading': '0'}
domain: https://www.okx.com
url: /api/v5/rubik/stat/contracts/long-short-account-ratio?ccy=BNT&period=1H
720
BONK
header:  {'Content-Type': 'application/json', 'x-simulated-trading': '0'}
domain: https://www.okx.com
url: /api/v5/rubik/stat/contracts/long-short-account-ratio?ccy=BONK&period=1H
720
BSV
header:  {'Content-Type': 'application/json', 'x-simulated-trading': '0'}
domain: https://www.okx.com
url: /api/v5/rubik/stat/contracts/long-short-account-ratio?ccy=BSV&period=1H
720
CEL
header:  {'Content-Type': 'application/json', 'x-simulated-trading': '0'}
domain: https://www.okx.com
url: /api/v5/rubik/stat/contracts/long-short-account-ratio?ccy=CEL&period=1H
720
CELO
header:  {'Content-Type': 'application/json', 'x-simulated-trading': '0'}
domain: https://www.okx.com
url: /api/v5/rubik/stat/contracts/long-short-account-ratio?ccy=CELO&period=1H
720
CETUS
header:  {'Content-Type': 'application/json', 'x-simulated-trading': '0'}
domain: https://www.okx.com
url: /api/v5/rubik/stat/contracts/long-short-account-ratio?ccy=CETUS&period=1H
720
CFX
header:  {'Content-Type': 'application/json', 'x-simulated-trading': '0'}
domain: https://www.okx.com
url: /api/v5/rubik/stat/contracts/long-short-account-ratio?ccy=CFX&period=1H
720
CHZ
header:  {'Content-Type': 'application/json', 'x-simulated-trading': '0'}
domain: https://www.okx.com
url: /api/v5/rubik/stat/contracts/long-short-account-ratio?ccy=CHZ&period=1H
720
COMP
header:  {'Content-Type': 'application/json', 'x-simulated-trading': '0'}
domain: https://www.okx.com
url: /api/v5/rubik/stat/contracts/long-short-account-ratio?ccy=COMP&period=1H
720
CORE
header:  {'Content-Type': 'application/json', 'x-simulated-trading': '0'}
domain: https://www.okx.com
url: /api/v5/rubik/stat/contracts/long-short-account-ratio?ccy=CORE&period=1H
720
CRO
header:  {'Content-Type': 'application/json', 'x-simulated-trading': '0'}
domain: https://www.okx.com
url: /api/v5/rubik/stat/contracts/long-short-account-ratio?ccy=CRO&period=1H
720
CRV
header:  {'Content-Type': 'application/json', 'x-simulated-trading': '0'}
domain: https://www.okx.com
url: /api/v5/rubik/stat/contracts/long-short-account-ratio?ccy=CRV&period=1H
720
CSPR
header:  {'Content-Type': 'application/json', 'x-simulated-trading': '0'}
domain: https://www.okx.com
url: /api/v5/rubik/stat/contracts/long-short-account-ratio?ccy=CSPR&period=1H
720
CTC
header:  {'Content-Type': 'application/json', 'x-simulated-trading': '0'}
domain: https://www.okx.com
url: /api/v5/rubik/stat/contracts/long-short-account-ratio?ccy=CTC&period=1H
720
CVC
header:  {'Content-Type': 'application/json', 'x-simulated-trading': '0'}
domain: https://www.okx.com
url: /api/v5/rubik/stat/contracts/long-short-account-ratio?ccy=CVC&period=1H
720
DMAIL
header:  {'Content-Type': 'application/json', 'x-simulated-trading': '0'}
domain: https://www.okx.com
url: /api/v5/rubik/stat/contracts/long-short-account-ratio?ccy=DMAIL&period=1H
720
DOT
header:  {'Content-Type': 'application/json', 'x-simulated-trading': '0'}
domain: https://www.okx.com
url: /api/v5/rubik/stat/contracts/long-short-account-ratio?ccy=DOT&period=1H
720
DYDX
header:  {'Content-Type': 'application/json', 'x-simulated-trading': '0'}
domain: https://www.okx.com
url: /api/v5/rubik/stat/contracts/long-short-account-ratio?ccy=DYDX&period=1H
720
EGLD
header:  {'Content-Type': 'application/json', 'x-simulated-trading': '0'}
domain: https://www.okx.com
url: /api/v5/rubik/stat/contracts/long-short-account-ratio?ccy=EGLD&period=1H
720
ENS
header:  {'Content-Type': 'application/json', 'x-simulated-trading': '0'}
domain: https://www.okx.com
url: /api/v5/rubik/stat/contracts/long-short-account-ratio?ccy=ENS&period=1H
720
EOS
header:  {'Content-Type': 'application/json', 'x-simulated-trading': '0'}
domain: https://www.okx.com
url: /api/v5/rubik/stat/contracts/long-short-account-ratio?ccy=EOS&period=1H
720
ETC
header:  {'Content-Type': 'application/json', 'x-simulated-trading': '0'}
domain: https://www.okx.com
url: /api/v5/rubik/stat/contracts/long-short-account-ratio?ccy=ETC&period=1H
720
ETHW
header:  {'Content-Type': 'application/json', 'x-simulated-trading': '0'}
domain: https://www.okx.com
url: /api/v5/rubik/stat/contracts/long-short-account-ratio?ccy=ETHW&period=1H
720
FET
header:  {'Content-Type': 'application/json', 'x-simulated-trading': '0'}
domain: https://www.okx.com
url: /api/v5/rubik/stat/contracts/long-short-account-ratio?ccy=FET&period=1H
720
FITFI
header:  {'Content-Type': 'application/json', 'x-simulated-trading': '0'}
domain: https://www.okx.com
url: /api/v5/rubik/stat/contracts/long-short-account-ratio?ccy=FITFI&period=1H
720
FLM
header:  {'Content-Type': 'application/json', 'x-simulated-trading': '0'}
domain: https://www.okx.com
url: /api/v5/rubik/stat/contracts/long-short-account-ratio?ccy=FLM&period=1H
720
FLOKI
header:  {'Content-Type': 'application/json', 'x-simulated-trading': '0'}
domain: https://www.okx.com
url: /api/v5/rubik/stat/contracts/long-short-account-ratio?ccy=FLOKI&period=1H
720
FLOW
header:  {'Content-Type': 'application/json', 'x-simulated-trading': '0'}
domain: https://www.okx.com
url: /api/v5/rubik/stat/contracts/long-short-account-ratio?ccy=FLOW&period=1H
720
FLR
header:  {'Content-Type': 'application/json', 'x-simulated-trading': '0'}
domain: https://www.okx.com
url: /api/v5/rubik/stat/contracts/long-short-account-ratio?ccy=FLR&period=1H
720
FRONT
header:  {'Content-Type': 'application/json', 'x-simulated-trading': '0'}
domain: https://www.okx.com
url: /api/v5/rubik/stat/contracts/long-short-account-ratio?ccy=FRONT&period=1H
720
FTM
header:  {'Content-Type': 'application/json', 'x-simulated-trading': '0'}
domain: https://www.okx.com
url: /api/v5/rubik/stat/contracts/long-short-account-ratio?ccy=FTM&period=1H
720
FXS
header:  {'Content-Type': 'application/json', 'x-simulated-trading': '0'}
domain: https://www.okx.com
url: /api/v5/rubik/stat/contracts/long-short-account-ratio?ccy=FXS&period=1H
720
GAL
header:  {'Content-Type': 'application/json', 'x-simulated-trading': '0'}
domain: https://www.okx.com
url: /api/v5/rubik/stat/contracts/long-short-account-ratio?ccy=GAL&period=1H
720
GALA
header:  {'Content-Type': 'application/json', 'x-simulated-trading': '0'}
domain: https://www.okx.com
url: /api/v5/rubik/stat/contracts/long-short-account-ratio?ccy=GALA&period=1H
720
GAS
header:  {'Content-Type': 'application/json', 'x-simulated-trading': '0'}
domain: https://www.okx.com
url: /api/v5/rubik/stat/contracts/long-short-account-ratio?ccy=GAS&period=1H
720
GFT
header:  {'Content-Type': 'application/json', 'x-simulated-trading': '0'}
domain: https://www.okx.com
url: /api/v5/rubik/stat/contracts/long-short-account-ratio?ccy=GFT&period=1H
720
GMT
header:  {'Content-Type': 'application/json', 'x-simulated-trading': '0'}
domain: https://www.okx.com
url: /api/v5/rubik/stat/contracts/long-short-account-ratio?ccy=GMT&period=1H
720
GMX
header:  {'Content-Type': 'application/json', 'x-simulated-trading': '0'}
domain: https://www.okx.com
url: /api/v5/rubik/stat/contracts/long-short-account-ratio?ccy=GMX&period=1H
720
GODS
header:  {'Content-Type': 'application/json', 'x-simulated-trading': '0'}
domain: https://www.okx.com
url: /api/v5/rubik/stat/contracts/long-short-account-ratio?ccy=GODS&period=1H
720
GRT
header:  {'Content-Type': 'application/json', 'x-simulated-trading': '0'}
domain: https://www.okx.com
url: /api/v5/rubik/stat/contracts/long-short-account-ratio?ccy=GRT&period=1H
720
HBAR
header:  {'Content-Type': 'application/json', 'x-simulated-trading': '0'}
domain: https://www.okx.com
url: /api/v5/rubik/stat/contracts/long-short-account-ratio?ccy=HBAR&period=1H
720
ICP
header:  {'Content-Type': 'application/json', 'x-simulated-trading': '0'}
domain: https://www.okx.com
url: /api/v5/rubik/stat/contracts/long-short-account-ratio?ccy=ICP&period=1H
720
ICX
header:  {'Content-Type': 'application/json', 'x-simulated-trading': '0'}
domain: https://www.okx.com
url: /api/v5/rubik/stat/contracts/long-short-account-ratio?ccy=ICX&period=1H
720
ID
header:  {'Content-Type': 'application/json', 'x-simulated-trading': '0'}
domain: https://www.okx.com
url: /api/v5/rubik/stat/contracts/long-short-account-ratio?ccy=ID&period=1H
720
IMX
header:  {'Content-Type': 'application/json', 'x-simulated-trading': '0'}
domain: https://www.okx.com
url: /api/v5/rubik/stat/contracts/long-short-account-ratio?ccy=IMX&period=1H
720
INJ
header:  {'Content-Type': 'application/json', 'x-simulated-trading': '0'}
domain: https://www.okx.com
url: /api/v5/rubik/stat/contracts/long-short-account-ratio?ccy=INJ&period=1H
720
IOST
header:  {'Content-Type': 'application/json', 'x-simulated-trading': '0'}
domain: https://www.okx.com
url: /api/v5/rubik/stat/contracts/long-short-account-ratio?ccy=IOST&period=1H
720
IOTA
header:  {'Content-Type': 'application/json', 'x-simulated-trading': '0'}
domain: https://www.okx.com
url: /api/v5/rubik/stat/contracts/long-short-account-ratio?ccy=IOTA&period=1H
720
JOE
header:  {'Content-Type': 'application/json', 'x-simulated-trading': '0'}
domain: https://www.okx.com
url: /api/v5/rubik/stat/contracts/long-short-account-ratio?ccy=JOE&period=1H
720
JST
header:  {'Content-Type': 'application/json', 'x-simulated-trading': '0'}
domain: https://www.okx.com
url: /api/v5/rubik/stat/contracts/long-short-account-ratio?ccy=JST&period=1H
720
JTO
header:  {'Content-Type': 'application/json', 'x-simulated-trading': '0'}
domain: https://www.okx.com
url: /api/v5/rubik/stat/contracts/long-short-account-ratio?ccy=JTO&period=1H
720
JUP
header:  {'Content-Type': 'application/json', 'x-simulated-trading': '0'}
domain: https://www.okx.com
url: /api/v5/rubik/stat/contracts/long-short-account-ratio?ccy=JUP&period=1H
720
KISHU
header:  {'Content-Type': 'application/json', 'x-simulated-trading': '0'}
domain: https://www.okx.com
url: /api/v5/rubik/stat/contracts/long-short-account-ratio?ccy=KISHU&period=1H
720
KLAY
header:  {'Content-Type': 'application/json', 'x-simulated-trading': '0'}
domain: https://www.okx.com
url: /api/v5/rubik/stat/contracts/long-short-account-ratio?ccy=KLAY&period=1H
720
KNC
header:  {'Content-Type': 'application/json', 'x-simulated-trading': '0'}
domain: https://www.okx.com
url: /api/v5/rubik/stat/contracts/long-short-account-ratio?ccy=KNC&period=1H
720
KSM
header:  {'Content-Type': 'application/json', 'x-simulated-trading': '0'}
domain: https://www.okx.com
url: /api/v5/rubik/stat/contracts/long-short-account-ratio?ccy=KSM&period=1H
720
LDO
header:  {'Content-Type': 'application/json', 'x-simulated-trading': '0'}
domain: https://www.okx.com
url: /api/v5/rubik/stat/contracts/long-short-account-ratio?ccy=LDO&period=1H
720
LINK
header:  {'Content-Type': 'application/json', 'x-simulated-trading': '0'}
domain: https://www.okx.com
url: /api/v5/rubik/stat/contracts/long-short-account-ratio?ccy=LINK&period=1H
720
LOOKS
header:  {'Content-Type': 'application/json', 'x-simulated-trading': '0'}
domain: https://www.okx.com
url: /api/v5/rubik/stat/contracts/long-short-account-ratio?ccy=LOOKS&period=1H
720
LPT
header:  {'Content-Type': 'application/json', 'x-simulated-trading': '0'}
domain: https://www.okx.com
url: /api/v5/rubik/stat/contracts/long-short-account-ratio?ccy=LPT&period=1H
720
LQTY
header:  {'Content-Type': 'application/json', 'x-simulated-trading': '0'}
domain: https://www.okx.com
url: /api/v5/rubik/stat/contracts/long-short-account-ratio?ccy=LQTY&period=1H
720
LRC
header:  {'Content-Type': 'application/json', 'x-simulated-trading': '0'}
domain: https://www.okx.com
url: /api/v5/rubik/stat/contracts/long-short-account-ratio?ccy=LRC&period=1H
720
LSK
header:  {'Content-Type': 'application/json', 'x-simulated-trading': '0'}
domain: https://www.okx.com
url: /api/v5/rubik/stat/contracts/long-short-account-ratio?ccy=LSK&period=1H
720
LUNA
header:  {'Content-Type': 'application/json', 'x-simulated-trading': '0'}
domain: https://www.okx.com
url: /api/v5/rubik/stat/contracts/long-short-account-ratio?ccy=LUNA&period=1H
720
LUNC
header:  {'Content-Type': 'application/json', 'x-simulated-trading': '0'}
domain: https://www.okx.com
url: /api/v5/rubik/stat/contracts/long-short-account-ratio?ccy=LUNC&period=1H
720
MAGIC
header:  {'Content-Type': 'application/json', 'x-simulated-trading': '0'}
domain: https://www.okx.com
url: /api/v5/rubik/stat/contracts/long-short-account-ratio?ccy=MAGIC&period=1H
720
MANA
header:  {'Content-Type': 'application/json', 'x-simulated-trading': '0'}
domain: https://www.okx.com
url: /api/v5/rubik/stat/contracts/long-short-account-ratio?ccy=MANA&period=1H
720
MASK
header:  {'Content-Type': 'application/json', 'x-simulated-trading': '0'}
domain: https://www.okx.com
url: /api/v5/rubik/stat/contracts/long-short-account-ratio?ccy=MASK&period=1H
720
MEME
header:  {'Content-Type': 'application/json', 'x-simulated-trading': '0'}
domain: https://www.okx.com
url: /api/v5/rubik/stat/contracts/long-short-account-ratio?ccy=MEME&period=1H
720
METIS
header:  {'Content-Type': 'application/json', 'x-simulated-trading': '0'}
domain: https://www.okx.com
url: /api/v5/rubik/stat/contracts/long-short-account-ratio?ccy=METIS&period=1H
720
MINA
header:  {'Content-Type': 'application/json', 'x-simulated-trading': '0'}
domain: https://www.okx.com
url: /api/v5/rubik/stat/contracts/long-short-account-ratio?ccy=MINA&period=1H
720
MKR
header:  {'Content-Type': 'application/json', 'x-simulated-trading': '0'}
domain: https://www.okx.com
url: /api/v5/rubik/stat/contracts/long-short-account-ratio?ccy=MKR&period=1H
720
MOVR
header:  {'Content-Type': 'application/json', 'x-simulated-trading': '0'}
domain: https://www.okx.com
url: /api/v5/rubik/stat/contracts/long-short-account-ratio?ccy=MOVR&period=1H
720
NEAR
header:  {'Content-Type': 'application/json', 'x-simulated-trading': '0'}
domain: https://www.okx.com
url: /api/v5/rubik/stat/contracts/long-short-account-ratio?ccy=NEAR&period=1H
720
NEO
header:  {'Content-Type': 'application/json', 'x-simulated-trading': '0'}
domain: https://www.okx.com
url: /api/v5/rubik/stat/contracts/long-short-account-ratio?ccy=NEO&period=1H
720
NFT
header:  {'Content-Type': 'application/json', 'x-simulated-trading': '0'}
domain: https://www.okx.com
url: /api/v5/rubik/stat/contracts/long-short-account-ratio?ccy=NFT&period=1H
720
NMR
header:  {'Content-Type': 'application/json', 'x-simulated-trading': '0'}
domain: https://www.okx.com
url: /api/v5/rubik/stat/contracts/long-short-account-ratio?ccy=NMR&period=1H
720
OM
header:  {'Content-Type': 'application/json', 'x-simulated-trading': '0'}
domain: https://www.okx.com
url: /api/v5/rubik/stat/contracts/long-short-account-ratio?ccy=OM&period=1H
720
OMG
header:  {'Content-Type': 'application/json', 'x-simulated-trading': '0'}
domain: https://www.okx.com
url: /api/v5/rubik/stat/contracts/long-short-account-ratio?ccy=OMG&period=1H
720
ONE
header:  {'Content-Type': 'application/json', 'x-simulated-trading': '0'}
domain: https://www.okx.com
url: /api/v5/rubik/stat/contracts/long-short-account-ratio?ccy=ONE&period=1H
720
ONT
header:  {'Content-Type': 'application/json', 'x-simulated-trading': '0'}
domain: https://www.okx.com
url: /api/v5/rubik/stat/contracts/long-short-account-ratio?ccy=ONT&period=1H
720
OP
header:  {'Content-Type': 'application/json', 'x-simulated-trading': '0'}
domain: https://www.okx.com
url: /api/v5/rubik/stat/contracts/long-short-account-ratio?ccy=OP&period=1H
720
ORBS
header:  {'Content-Type': 'application/json', 'x-simulated-trading': '0'}
domain: https://www.okx.com
url: /api/v5/rubik/stat/contracts/long-short-account-ratio?ccy=ORBS&period=1H
720
ORDI
header:  {'Content-Type': 'application/json', 'x-simulated-trading': '0'}
domain: https://www.okx.com
url: /api/v5/rubik/stat/contracts/long-short-account-ratio?ccy=ORDI&period=1H
720
PEOPLE
header:  {'Content-Type': 'application/json', 'x-simulated-trading': '0'}
domain: https://www.okx.com
url: /api/v5/rubik/stat/contracts/long-short-account-ratio?ccy=PEOPLE&period=1H
720
PERP
header:  {'Content-Type': 'application/json', 'x-simulated-trading': '0'}
domain: https://www.okx.com
url: /api/v5/rubik/stat/contracts/long-short-account-ratio?ccy=PERP&period=1H
720
PYTH
header:  {'Content-Type': 'application/json', 'x-simulated-trading': '0'}
domain: https://www.okx.com
url: /api/v5/rubik/stat/contracts/long-short-account-ratio?ccy=PYTH&period=1H
720
QTUM
header:  {'Content-Type': 'application/json', 'x-simulated-trading': '0'}
domain: https://www.okx.com
url: /api/v5/rubik/stat/contracts/long-short-account-ratio?ccy=QTUM&period=1H
720
RACA
header:  {'Content-Type': 'application/json', 'x-simulated-trading': '0'}
domain: https://www.okx.com
url: /api/v5/rubik/stat/contracts/long-short-account-ratio?ccy=RACA&period=1H
720
RDNT
header:  {'Content-Type': 'application/json', 'x-simulated-trading': '0'}
domain: https://www.okx.com
url: /api/v5/rubik/stat/contracts/long-short-account-ratio?ccy=RDNT&period=1H
720
REN
header:  {'Content-Type': 'application/json', 'x-simulated-trading': '0'}
domain: https://www.okx.com
url: /api/v5/rubik/stat/contracts/long-short-account-ratio?ccy=REN&period=1H
720
RNDR
header:  {'Content-Type': 'application/json', 'x-simulated-trading': '0'}
domain: https://www.okx.com
url: /api/v5/rubik/stat/contracts/long-short-account-ratio?ccy=RNDR&period=1H
720
RON
header:  {'Content-Type': 'application/json', 'x-simulated-trading': '0'}
domain: https://www.okx.com
url: /api/v5/rubik/stat/contracts/long-short-account-ratio?ccy=RON&period=1H
720
RSR
header:  {'Content-Type': 'application/json', 'x-simulated-trading': '0'}
domain: https://www.okx.com
url: /api/v5/rubik/stat/contracts/long-short-account-ratio?ccy=RSR&period=1H
720
RVN
header:  {'Content-Type': 'application/json', 'x-simulated-trading': '0'}
domain: https://www.okx.com
url: /api/v5/rubik/stat/contracts/long-short-account-ratio?ccy=RVN&period=1H
720
SAND
header:  {'Content-Type': 'application/json', 'x-simulated-trading': '0'}
domain: https://www.okx.com
url: /api/v5/rubik/stat/contracts/long-short-account-ratio?ccy=SAND&period=1H
720
SATS
header:  {'Content-Type': 'application/json', 'x-simulated-trading': '0'}
domain: https://www.okx.com
url: /api/v5/rubik/stat/contracts/long-short-account-ratio?ccy=SATS&period=1H
720
SHIB
header:  {'Content-Type': 'application/json', 'x-simulated-trading': '0'}
domain: https://www.okx.com
url: /api/v5/rubik/stat/contracts/long-short-account-ratio?ccy=SHIB&period=1H
720
SLP
header:  {'Content-Type': 'application/json', 'x-simulated-trading': '0'}
domain: https://www.okx.com
url: /api/v5/rubik/stat/contracts/long-short-account-ratio?ccy=SLP&period=1H
720
SNX
header:  {'Content-Type': 'application/json', 'x-simulated-trading': '0'}
domain: https://www.okx.com
url: /api/v5/rubik/stat/contracts/long-short-account-ratio?ccy=SNX&period=1H
720
SPELL
header:  {'Content-Type': 'application/json', 'x-simulated-trading': '0'}
domain: https://www.okx.com
url: /api/v5/rubik/stat/contracts/long-short-account-ratio?ccy=SPELL&period=1H
720
SSV
header:  {'Content-Type': 'application/json', 'x-simulated-trading': '0'}
domain: https://www.okx.com
url: /api/v5/rubik/stat/contracts/long-short-account-ratio?ccy=SSV&period=1H
720
STARL
header:  {'Content-Type': 'application/json', 'x-simulated-trading': '0'}
domain: https://www.okx.com
url: /api/v5/rubik/stat/contracts/long-short-account-ratio?ccy=STARL&period=1H
720
STORJ
header:  {'Content-Type': 'application/json', 'x-simulated-trading': '0'}
domain: https://www.okx.com
url: /api/v5/rubik/stat/contracts/long-short-account-ratio?ccy=STORJ&period=1H
720
STRK
header:  {'Content-Type': 'application/json', 'x-simulated-trading': '0'}
domain: https://www.okx.com
url: /api/v5/rubik/stat/contracts/long-short-account-ratio?ccy=STRK&period=1H
720
STX
header:  {'Content-Type': 'application/json', 'x-simulated-trading': '0'}
domain: https://www.okx.com
url: /api/v5/rubik/stat/contracts/long-short-account-ratio?ccy=STX&period=1H
720
SUI
header:  {'Content-Type': 'application/json', 'x-simulated-trading': '0'}
domain: https://www.okx.com
url: /api/v5/rubik/stat/contracts/long-short-account-ratio?ccy=SUI&period=1H
720
SUSHI
header:  {'Content-Type': 'application/json', 'x-simulated-trading': '0'}
domain: https://www.okx.com
url: /api/v5/rubik/stat/contracts/long-short-account-ratio?ccy=SUSHI&period=1H
720
SWEAT
header:  {'Content-Type': 'application/json', 'x-simulated-trading': '0'}
domain: https://www.okx.com
url: /api/v5/rubik/stat/contracts/long-short-account-ratio?ccy=SWEAT&period=1H
720
T
header:  {'Content-Type': 'application/json', 'x-simulated-trading': '0'}
domain: https://www.okx.com
url: /api/v5/rubik/stat/contracts/long-short-account-ratio?ccy=T&period=1H
720
THETA
header:  {'Content-Type': 'application/json', 'x-simulated-trading': '0'}
domain: https://www.okx.com
url: /api/v5/rubik/stat/contracts/long-short-account-ratio?ccy=THETA&period=1H
720
TIA
header:  {'Content-Type': 'application/json', 'x-simulated-trading': '0'}
domain: https://www.okx.com
url: /api/v5/rubik/stat/contracts/long-short-account-ratio?ccy=TIA&period=1H
720
TON
header:  {'Content-Type': 'application/json', 'x-simulated-trading': '0'}
domain: https://www.okx.com
url: /api/v5/rubik/stat/contracts/long-short-account-ratio?ccy=TON&period=1H
720
TRB
header:  {'Content-Type': 'application/json', 'x-simulated-trading': '0'}
domain: https://www.okx.com
url: /api/v5/rubik/stat/contracts/long-short-account-ratio?ccy=TRB&period=1H
720
TRX
header:  {'Content-Type': 'application/json', 'x-simulated-trading': '0'}
domain: https://www.okx.com
url: /api/v5/rubik/stat/contracts/long-short-account-ratio?ccy=TRX&period=1H
720
TURBO
header:  {'Content-Type': 'application/json', 'x-simulated-trading': '0'}
domain: https://www.okx.com
url: /api/v5/rubik/stat/contracts/long-short-account-ratio?ccy=TURBO&period=1H
720
UMA
header:  {'Content-Type': 'application/json', 'x-simulated-trading': '0'}
domain: https://www.okx.com
url: /api/v5/rubik/stat/contracts/long-short-account-ratio?ccy=UMA&period=1H
720
UNI
header:  {'Content-Type': 'application/json', 'x-simulated-trading': '0'}
domain: https://www.okx.com
url: /api/v5/rubik/stat/contracts/long-short-account-ratio?ccy=UNI&period=1H
720
USDC
header:  {'Content-Type': 'application/json', 'x-simulated-trading': '0'}
domain: https://www.okx.com
url: /api/v5/rubik/stat/contracts/long-short-account-ratio?ccy=USDC&period=1H
720
USTC
header:  {'Content-Type': 'application/json', 'x-simulated-trading': '0'}
domain: https://www.okx.com
url: /api/v5/rubik/stat/contracts/long-short-account-ratio?ccy=USTC&period=1H
720
VRA
header:  {'Content-Type': 'application/json', 'x-simulated-trading': '0'}
domain: https://www.okx.com
url: /api/v5/rubik/stat/contracts/long-short-account-ratio?ccy=VRA&period=1H
720
WAXP
header:  {'Content-Type': 'application/json', 'x-simulated-trading': '0'}
domain: https://www.okx.com
url: /api/v5/rubik/stat/contracts/long-short-account-ratio?ccy=WAXP&period=1H
720
WLD
header:  {'Content-Type': 'application/json', 'x-simulated-trading': '0'}
domain: https://www.okx.com
url: /api/v5/rubik/stat/contracts/long-short-account-ratio?ccy=WLD&period=1H
720
WOO
header:  {'Content-Type': 'application/json', 'x-simulated-trading': '0'}
domain: https://www.okx.com
url: /api/v5/rubik/stat/contracts/long-short-account-ratio?ccy=WOO&period=1H
720
XCH
header:  {'Content-Type': 'application/json', 'x-simulated-trading': '0'}
domain: https://www.okx.com
url: /api/v5/rubik/stat/contracts/long-short-account-ratio?ccy=XCH&period=1H
720
XLM
header:  {'Content-Type': 'application/json', 'x-simulated-trading': '0'}
domain: https://www.okx.com
url: /api/v5/rubik/stat/contracts/long-short-account-ratio?ccy=XLM&period=1H
720
XTZ
header:  {'Content-Type': 'application/json', 'x-simulated-trading': '0'}
domain: https://www.okx.com
url: /api/v5/rubik/stat/contracts/long-short-account-ratio?ccy=XTZ&period=1H
720
YFI
header:  {'Content-Type': 'application/json', 'x-simulated-trading': '0'}
domain: https://www.okx.com
url: /api/v5/rubik/stat/contracts/long-short-account-ratio?ccy=YFI&period=1H
720
YGG
header:  {'Content-Type': 'application/json', 'x-simulated-trading': '0'}
domain: https://www.okx.com
url: /api/v5/rubik/stat/contracts/long-short-account-ratio?ccy=YGG&period=1H
720
ZETA
header:  {'Content-Type': 'application/json', 'x-simulated-trading': '0'}
domain: https://www.okx.com
url: /api/v5/rubik/stat/contracts/long-short-account-ratio?ccy=ZETA&period=1H
720
ZIL
header:  {'Content-Type': 'application/json', 'x-simulated-trading': '0'}
domain: https://www.okx.com
url: /api/v5/rubik/stat/contracts/long-short-account-ratio?ccy=ZIL&period=1H
720
ZRX
header:  {'Content-Type': 'application/json', 'x-simulated-trading': '0'}
domain: https://www.okx.com
url: /api/v5/rubik/stat/contracts/long-short-account-ratio?ccy=ZRX&period=1H
720
